===============================================
  METEORITE Transaction Visualizer Started
  Time: 2025-02-27T20:35:02+08:00
===============================================

[20:35:02.391] Starting node discovery...
[20:35:02.492] Starting Meteorite test on chain atomone-1 with 50 accounts
[20:35:02.492] Initialized MultiSendDistributor with 16 RPC endpoints
[20:35:03.176] Starting transaction broadcasts for account atone1ngmwvjh5gzswlhg3qdv0z394ykqhszcu99yg4j (Position 33)
[20:35:03.176] Starting broadcasts for position 33 (batchSize: 1000)
[20:35:03.176] Starting transaction broadcasts for account atone1qtpqvku5f7zpxjafrsadkr57muq2728v488d2q (Position 49)
[20:35:03.176] Starting broadcasts for position 49 (batchSize: 1000)
[20:35:03.182] Starting transaction broadcasts for account atone1rucy7jqdx9thd958p9n2ar8cf20utlv9gagw64 (Position 48)
[20:35:03.182] Starting broadcasts for position 48 (batchSize: 1000)
[20:35:03.329] Starting transaction broadcasts for account atone1p9d29dvh76hkx4740c8vvh4f8mtkm5qxeq8ggn (Position 25)
[20:35:03.329] Starting broadcasts for position 25 (batchSize: 1000)
[20:35:03.329] Starting transaction broadcasts for account atone10q49hs6c5axrzj80lvxfw5ke35q4gtyrj4zkjt (Position 45)
[20:35:03.329] Starting broadcasts for position 45 (batchSize: 1000)
[20:35:03.329] Starting transaction broadcasts for account atone1ply6atsmw0adfkqv55nxx8f8m24suazvj705kl (Position 34)
[20:35:03.329] Starting broadcasts for position 34 (batchSize: 1000)
[20:35:03.329] Starting transaction broadcasts for account atone1fmuu3y9lwhgqu5r09afjpk5qqed9mvayq70ha2 (Position 22)
[20:35:03.329] Starting broadcasts for position 22 (batchSize: 1000)
[20:35:03.329] Starting transaction broadcasts for account atone15dkgfskvah7tjfsl5gukyy6c0ysewcqy5r6x6j (Position 12)
[20:35:03.329] Starting broadcasts for position 12 (batchSize: 1000)
[20:35:03.329] Starting transaction broadcasts for account atone19py772eremcxe7ty80s9g79rmp493jhys0jtx7 (Position 24)
[20:35:03.329] Starting broadcasts for position 24 (batchSize: 1000)
[20:35:03.330] Starting transaction broadcasts for account atone1klludrd7n5kxhtj429wmsc5eu0hx03xhmyr589 (Position 40)
[20:35:03.330] Starting broadcasts for position 40 (batchSize: 1000)
[20:35:03.330] Starting transaction broadcasts for account atone1tqacfp9ked6l07szd4w0ym4ax706rmyr7g3tz0 (Position 36)
[20:35:03.330] Starting broadcasts for position 36 (batchSize: 1000)
[20:35:03.330] Starting transaction broadcasts for account atone1nexez6f4rcsaj2zatf00elwft5tumkt3qezmhn (Position 30)
[20:35:03.330] Starting broadcasts for position 30 (batchSize: 1000)
[20:35:03.330] Starting transaction broadcasts for account atone1uwfzyv2r4djuwja2q2m0kws6f3hmr68q2gl6tw (Position 29)
[20:35:03.330] Starting broadcasts for position 29 (batchSize: 1000)
[20:35:03.330] Starting transaction broadcasts for account atone1a7gxstcxxx8pkgmgehhc2cmjs43pujkna7lsza (Position 47)
[20:35:03.330] Starting broadcasts for position 47 (batchSize: 1000)
[20:35:03.330] Starting transaction broadcasts for account atone1vfrhszmszmaa6negmmnkph05xjhjlcdmx32ky4 (Position 3)
[20:35:03.330] Starting broadcasts for position 3 (batchSize: 1000)
[20:35:03.330] Starting transaction broadcasts for account atone16upqufe4ke8lnfsutsvzgmukt6n47fzqk392qc (Position 32)
[20:35:03.330] Starting broadcasts for position 32 (batchSize: 1000)
[20:35:03.330] Starting transaction broadcasts for account atone1m6j8u4a40d82e568pwvnz388fj3a4vzu6jqrv3 (Position 13)
[20:35:03.330] Starting broadcasts for position 13 (batchSize: 1000)
[20:35:03.330] Starting transaction broadcasts for account atone1aak3drtr2ed3sq4uz9fydglaaasp7yq5wgpalu (Position 20)
[20:35:03.330] Starting broadcasts for position 20 (batchSize: 1000)
[20:35:03.330] Starting transaction broadcasts for account atone1l8t99u06lg2jumgh5vcnzefs6xm54lf2kzv8ar (Position 28)
[20:35:03.330] Starting broadcasts for position 28 (batchSize: 1000)
[20:35:03.330] Starting transaction broadcasts for account atone1l8p8ltwvt5rt4r3zxmtz6ctr886j5nm0pxg8ze (Position 17)
[20:35:03.330] Starting broadcasts for position 17 (batchSize: 1000)
[20:35:03.330] Starting transaction broadcasts for account atone1em00gyc27wuy0f5q2d79cvlytp9lmwysvy0e3y (Position 26)
[20:35:03.330] Starting transaction broadcasts for account atone1el26j9qm9gwdje93853nw0wua2ltpck8sjjc8h (Position 42)
[20:35:03.330] Starting transaction broadcasts for account atone1mzj5jspn04a8uhmgjdfl35phvx9eg0huwdyz3y (Position 7)
[20:35:03.330] Starting transaction broadcasts for account atone1lzx0e3mk624829000fn4fl9xcldm0j2ld22q49 (Position 8)
[20:35:03.330] Starting transaction broadcasts for account atone1yt4t2kcxd0297sd0qf7fm8e3l82ysxxm2f3shw (Position 9)
[20:35:03.330] Starting transaction broadcasts for account atone1d6zksykj867ul9tclgkn4mtk7fpgfasnpl5al9 (Position 4)
[20:35:03.330] Starting broadcasts for position 4 (batchSize: 1000)
[20:35:03.330] Starting transaction broadcasts for account atone1crp2ue3j47fw8730gja6nmfp53mq04m3capgdz (Position 27)
[20:35:03.330] Starting broadcasts for position 27 (batchSize: 1000)
[20:35:03.330] Starting transaction broadcasts for account atone1fxwd4xs3pr7d3ededl7krgtjvptexv5fljx33d (Position 2)
[20:35:03.330] Starting broadcasts for position 2 (batchSize: 1000)
[20:35:03.331] Starting transaction broadcasts for account atone1v4hwqy83x6q77jyv2yr33qruefc5ruv66exs90 (Position 21)
[20:35:03.331] Starting broadcasts for position 21 (batchSize: 1000)
[20:35:03.331] Starting transaction broadcasts for account atone17jygnf7z6hftdl94l4c5z6vz3df4p4yl9x8rsr (Position 19)
[20:35:03.331] Starting broadcasts for position 19 (batchSize: 1000)
[20:35:03.331] Starting transaction broadcasts for account atone1ufkmacpp2lqkaja000976hlnhe392wc735g70m (Position 41)
[20:35:03.331] Starting transaction broadcasts for account atone1fy5upzpdpyqh874y0uya9l6jv0r0y8ykmzvex8 (Position 16)
[20:35:03.331] Starting broadcasts for position 16 (batchSize: 1000)
[20:35:03.331] Starting transaction broadcasts for account atone1l9pcvgdsgz6qzpceeeev4a8dkuhqhan0hm2zlc (Position 5)
[20:35:03.331] Starting broadcasts for position 5 (batchSize: 1000)
[20:35:03.332] Starting broadcasts for position 26 (batchSize: 1000)
[20:35:03.332] Starting broadcasts for position 42 (batchSize: 1000)
[20:35:03.332] Starting broadcasts for position 7 (batchSize: 1000)
[20:35:03.332] Starting broadcasts for position 8 (batchSize: 1000)
[20:35:03.332] Starting broadcasts for position 9 (batchSize: 1000)
[20:35:03.333] Starting broadcasts for position 41 (batchSize: 1000)
[20:35:03.342] Starting transaction broadcasts for account atone1yss5n3s93q77lu864ypdpglguykdt5cvup7xxk (Position 38)
[20:35:03.342] Starting broadcasts for position 38 (batchSize: 1000)
[20:35:03.342] Starting transaction broadcasts for account atone1524el5yxcx099pl26drekltfladkzew5w7gd8v (Position 18)
[20:35:03.342] Starting broadcasts for position 18 (batchSize: 1000)
[20:35:03.342] Starting transaction broadcasts for account atone13jn57a79avn9s0ehwsjxzdvq89hzct259gpyk0 (Position 37)
[20:35:03.342] Starting broadcasts for position 37 (batchSize: 1000)
[20:35:03.342] Starting transaction broadcasts for account atone1paefpxvjvmmq03gvsfjzwut0zap7z5nqzgnx9t (Position 1)
[20:35:03.342] Starting broadcasts for position 1 (batchSize: 1000)
[20:35:03.342] Starting transaction broadcasts for account atone19xn6e778avce0p3chdd60v842m4ycq74u579wd (Position 14)
[20:35:03.342] Starting broadcasts for position 14 (batchSize: 1000)
[20:35:03.342] Starting transaction broadcasts for account atone1fwfc7qexwr7p5ua6s6mxl8a5kq3qeqmx2a0ku4 (Position 46)
[20:35:03.342] Starting broadcasts for position 46 (batchSize: 1000)
[20:35:03.342] Starting transaction broadcasts for account atone1r4f4nwlpwthjv4c2n3s2cqxsu69c27hwlwygat (Position 44)
[20:35:03.343] Starting transaction broadcasts for account atone1m4rk3y3ewrpukdzk8zeljy63sxwcqdz2jse3jj (Position 11)
[20:35:03.343] Starting broadcasts for position 11 (batchSize: 1000)
[20:35:03.343] Starting transaction broadcasts for account atone13x950vmwt3cy4e9uryqze9rmy5qlck0lx6x75n (Position 39)
[20:35:03.343] Starting broadcasts for position 39 (batchSize: 1000)
[20:35:03.343] Starting transaction broadcasts for account atone1vza8h2x0rt7gaqadezem64khc0uls9atkts7j0 (Position 43)
[20:35:03.343] Starting broadcasts for position 43 (batchSize: 1000)
[20:35:03.343] Starting transaction broadcasts for account atone1d7an5eujxunr8fm9yz66eth2x59dx7atf6unxp (Position 10)
[20:35:03.343] Starting broadcasts for position 10 (batchSize: 1000)
[20:35:03.343] Starting broadcasts for position 44 (batchSize: 1000)
[20:35:03.343] Starting transaction broadcasts for account atone1uqrar205hjv4s8832kwj8e6xhwvk4x0e9sfvqn (Position 0)
[20:35:03.343] Starting broadcasts for position 0 (batchSize: 1000)
[20:35:03.343] Starting transaction broadcasts for account atone1fqcdx90gf7lsm64ar7yrmduv3w6l8fdfyxy87f (Position 35)
[20:35:03.343] Starting broadcasts for position 35 (batchSize: 1000)
[20:35:03.343] Starting transaction broadcasts for account atone1dlz0mwnmxtrqh2ky8skg96lp9npvjzmq48w4rh (Position 6)
[20:35:03.343] Starting broadcasts for position 6 (batchSize: 1000)
[20:35:03.343] Starting transaction broadcasts for account atone14hme47pvhghgl3jac64un35dppas7m8cqu4y57 (Position 15)
[20:35:03.343] Starting broadcasts for position 15 (batchSize: 1000)
[20:35:03.343] Starting transaction broadcasts for account atone1pa4hyh7phutu6kt3ejrufnwcgdphxqzrg4059d (Position 23)
[20:35:03.343] Starting broadcasts for position 23 (batchSize: 1000)
[20:35:03.343] Starting transaction broadcasts for account atone1h8xn6hd2jktq7uqcur90fu97lx6fhs9ra3w403 (Position 31)
[20:35:03.343] Starting broadcasts for position 31 (batchSize: 1000)
[20:35:07.355] Discovery complete. Found 18 new nodes

=== METEORITE TXN STATS ===
Time: 2025-02-27T20:35:07+08:00
Total Txs: 3 | Successful: 1 | Failed: 2 | Success Rate: 33.33%
TPS: 0.33 | Avg Latency: 3266ms | Latest Block: 0
Nodes: 18 | Online: 0 | Syncing: 0 | Offline: 18
Mempool Txs: 0 | Size: 0 B

=== METEORITE TXN STATS ===
Time: 2025-02-27T20:35:12+08:00
Total Txs: 30 | Successful: 6 | Failed: 24 | Success Rate: 20.00%
TPS: 0.20 | Avg Latency: 6602ms | Latest Block: 0
Nodes: 18 | Online: 0 | Syncing: 0 | Offline: 18
Mempool Txs: 0 | Size: 0 B

=== METEORITE TXN STATS ===
Time: 2025-02-27T20:35:17+08:00
Total Txs: 66 | Successful: 17 | Failed: 49 | Success Rate: 25.76%
TPS: 0.27 | Avg Latency: 7395ms | Latest Block: 0
Nodes: 18 | Online: 0 | Syncing: 0 | Offline: 18
Mempool Txs: 0 | Size: 0 B

=== METEORITE TXN STATS ===
Time: 2025-02-27T20:35:22+08:00
Total Txs: 94 | Successful: 23 | Failed: 71 | Success Rate: 24.47%
TPS: 0.27 | Avg Latency: 6824ms | Latest Block: 0
Nodes: 18 | Online: 0 | Syncing: 0 | Offline: 18
Mempool Txs: 0 | Size: 0 B

=== METEORITE TXN STATS ===
Time: 2025-02-27T20:35:27+08:00
Total Txs: 140 | Successful: 34 | Failed: 106 | Success Rate: 24.29%
TPS: 0.22 | Avg Latency: 6956ms | Latest Block: 0
Nodes: 18 | Online: 0 | Syncing: 0 | Offline: 18
Mempool Txs: 0 | Size: 0 B

=== METEORITE TXN STATS ===
Time: 2025-02-27T20:35:32+08:00
Total Txs: 177 | Successful: 42 | Failed: 135 | Success Rate: 23.73%
TPS: 0.23 | Avg Latency: 5975ms | Latest Block: 0
Nodes: 18 | Online: 0 | Syncing: 0 | Offline: 18
Mempool Txs: 0 | Size: 0 B

=== METEORITE TXN STATS ===
Time: 2025-02-27T20:35:37+08:00
Total Txs: 224 | Successful: 52 | Failed: 172 | Success Rate: 23.21%
TPS: 0.22 | Avg Latency: 5465ms | Latest Block: 0
Nodes: 18 | Online: 0 | Syncing: 0 | Offline: 18
Mempool Txs: 0 | Size: 0 B

=== METEORITE TXN STATS ===
Time: 2025-02-27T20:35:42+08:00
Total Txs: 266 | Successful: 59 | Failed: 207 | Success Rate: 22.18%
TPS: 0.20 | Avg Latency: 5886ms | Latest Block: 0
Nodes: 18 | Online: 0 | Syncing: 0 | Offline: 18
Mempool Txs: 0 | Size: 0 B

=== METEORITE TXN STATS ===
Time: 2025-02-27T20:35:47+08:00
Total Txs: 304 | Successful: 69 | Failed: 235 | Success Rate: 22.70%
TPS: 0.28 | Avg Latency: 5568ms | Latest Block: 0
Nodes: 18 | Online: 0 | Syncing: 0 | Offline: 18
Mempool Txs: 0 | Size: 0 B

=== METEORITE TXN STATS ===
Time: 2025-02-27T20:35:52+08:00
Total Txs: 338 | Successful: 74 | Failed: 264 | Success Rate: 21.89%
TPS: 0.22 | Avg Latency: 5936ms | Latest Block: 0
Nodes: 18 | Online: 0 | Syncing: 0 | Offline: 18
Mempool Txs: 0 | Size: 0 B

=== METEORITE TXN STATS ===
Time: 2025-02-27T20:35:57+08:00
Total Txs: 376 | Successful: 82 | Failed: 294 | Success Rate: 21.81%
TPS: 0.20 | Avg Latency: 6888ms | Latest Block: 0
Nodes: 18 | Online: 0 | Syncing: 0 | Offline: 18
Mempool Txs: 0 | Size: 0 B

=== METEORITE TXN STATS ===
Time: 2025-02-27T20:36:02+08:00
Total Txs: 405 | Successful: 88 | Failed: 317 | Success Rate: 21.73%
TPS: 0.20 | Avg Latency: 7605ms | Latest Block: 0
Nodes: 18 | Online: 0 | Syncing: 0 | Offline: 18
Mempool Txs: 0 | Size: 0 B

=== METEORITE TXN STATS ===
Time: 2025-02-27T20:36:07+08:00
Total Txs: 443 | Successful: 94 | Failed: 349 | Success Rate: 21.22%
TPS: 0.17 | Avg Latency: 8155ms | Latest Block: 0
Nodes: 18 | Online: 0 | Syncing: 0 | Offline: 18
Mempool Txs: 0 | Size: 0 B

=== METEORITE TXN STATS ===
Time: 2025-02-27T20:36:12+08:00
Total Txs: 480 | Successful: 101 | Failed: 379 | Success Rate: 21.04%
TPS: 0.18 | Avg Latency: 7454ms | Latest Block: 0
Nodes: 18 | Online: 0 | Syncing: 0 | Offline: 18
Mempool Txs: 0 | Size: 0 B

=== METEORITE TXN STATS ===
Time: 2025-02-27T20:36:17+08:00
Total Txs: 525 | Successful: 112 | Failed: 413 | Success Rate: 21.33%
TPS: 0.22 | Avg Latency: 5865ms | Latest Block: 0
Nodes: 18 | Online: 0 | Syncing: 0 | Offline: 18
Mempool Txs: 0 | Size: 0 B

=== METEORITE TXN STATS ===
Time: 2025-02-27T20:36:22+08:00
Total Txs: 580 | Successful: 123 | Failed: 457 | Success Rate: 21.21%
TPS: 0.20 | Avg Latency: 5294ms | Latest Block: 0
Nodes: 18 | Online: 0 | Syncing: 0 | Offline: 18
Mempool Txs: 0 | Size: 0 B

=== METEORITE TXN STATS ===
Time: 2025-02-27T20:36:27+08:00
Total Txs: 638 | Successful: 133 | Failed: 505 | Success Rate: 20.85%
TPS: 0.17 | Avg Latency: 4907ms | Latest Block: 0
Nodes: 18 | Online: 0 | Syncing: 0 | Offline: 18
Mempool Txs: 0 | Size: 0 B

=== METEORITE TXN STATS ===
Time: 2025-02-27T20:36:32+08:00
Total Txs: 746 | Successful: 157 | Failed: 589 | Success Rate: 21.05%
TPS: 0.23 | Avg Latency: 2994ms | Latest Block: 0
Nodes: 18 | Online: 0 | Syncing: 0 | Offline: 18
Mempool Txs: 0 | Size: 0 B

=== METEORITE TXN STATS ===
Time: 2025-02-27T20:36:37+08:00
Total Txs: 785 | Successful: 167 | Failed: 618 | Success Rate: 21.27%
TPS: 0.25 | Avg Latency: 3070ms | Latest Block: 0
Nodes: 18 | Online: 0 | Syncing: 0 | Offline: 18
Mempool Txs: 0 | Size: 0 B

=== METEORITE TXN STATS ===
Time: 2025-02-27T20:36:42+08:00
Total Txs: 821 | Successful: 172 | Failed: 649 | Success Rate: 20.95%
TPS: 0.20 | Avg Latency: 4583ms | Latest Block: 0
Nodes: 18 | Online: 0 | Syncing: 0 | Offline: 18
Mempool Txs: 0 | Size: 0 B

=== METEORITE TXN STATS ===
Time: 2025-02-27T20:36:47+08:00
Total Txs: 847 | Successful: 178 | Failed: 669 | Success Rate: 21.02%
TPS: 0.18 | Avg Latency: 5836ms | Latest Block: 0
Nodes: 18 | Online: 0 | Syncing: 0 | Offline: 18
Mempool Txs: 0 | Size: 0 B

=== METEORITE TXN STATS ===
Time: 2025-02-27T20:36:52+08:00
Total Txs: 876 | Successful: 182 | Failed: 694 | Success Rate: 20.78%
TPS: 0.18 | Avg Latency: 6635ms | Latest Block: 0
Nodes: 18 | Online: 0 | Syncing: 0 | Offline: 18
Mempool Txs: 0 | Size: 0 B

=== METEORITE TXN STATS ===
Time: 2025-02-27T20:36:57+08:00
Total Txs: 917 | Successful: 187 | Failed: 730 | Success Rate: 20.39%
TPS: 0.12 | Avg Latency: 7298ms | Latest Block: 0
Nodes: 18 | Online: 0 | Syncing: 0 | Offline: 18
Mempool Txs: 0 | Size: 0 B

=== METEORITE TXN STATS ===
Time: 2025-02-27T20:37:02+08:00
Total Txs: 955 | Successful: 193 | Failed: 762 | Success Rate: 20.21%
TPS: 0.13 | Avg Latency: 7206ms | Latest Block: 0
Nodes: 18 | Online: 0 | Syncing: 0 | Offline: 18
Mempool Txs: 0 | Size: 0 B

=== METEORITE TXN STATS ===
Time: 2025-02-27T20:37:07+08:00
Total Txs: 1017 | Successful: 204 | Failed: 813 | Success Rate: 20.06%
TPS: 0.18 | Avg Latency: 5765ms | Latest Block: 0
Nodes: 18 | Online: 0 | Syncing: 0 | Offline: 18
Mempool Txs: 0 | Size: 0 B

=== METEORITE TXN STATS ===
Time: 2025-02-27T20:37:12+08:00
Total Txs: 1127 | Successful: 227 | Failed: 900 | Success Rate: 20.14%
TPS: 0.25 | Avg Latency: 3236ms | Latest Block: 0
Nodes: 18 | Online: 0 | Syncing: 0 | Offline: 18
Mempool Txs: 0 | Size: 0 B

=== METEORITE TXN STATS ===
Time: 2025-02-27T20:37:17+08:00
Total Txs: 1222 | Successful: 250 | Failed: 972 | Success Rate: 20.46%
TPS: 0.27 | Avg Latency: 2372ms | Latest Block: 0
Nodes: 18 | Online: 0 | Syncing: 0 | Offline: 18
Mempool Txs: 0 | Size: 0 B

=== METEORITE TXN STATS ===
Time: 2025-02-27T20:37:22+08:00
Total Txs: 1331 | Successful: 269 | Failed: 1062 | Success Rate: 20.21%
TPS: 0.20 | Avg Latency: 2505ms | Latest Block: 0
Nodes: 18 | Online: 0 | Syncing: 0 | Offline: 18
Mempool Txs: 0 | Size: 0 B

=== METEORITE TXN STATS ===
Time: 2025-02-27T20:37:27+08:00
Total Txs: 1426 | Successful: 285 | Failed: 1141 | Success Rate: 19.99%
TPS: 0.13 | Avg Latency: 2229ms | Latest Block: 0
Nodes: 18 | Online: 0 | Syncing: 0 | Offline: 18
Mempool Txs: 0 | Size: 0 B

=== METEORITE TXN STATS ===
Time: 2025-02-27T20:37:32+08:00
Total Txs: 1519 | Successful: 303 | Failed: 1216 | Success Rate: 19.95%
TPS: 0.18 | Avg Latency: 2255ms | Latest Block: 0
Nodes: 18 | Online: 0 | Syncing: 0 | Offline: 18
Mempool Txs: 0 | Size: 0 B
