===============================================
  METEORITE Transaction Visualizer Started
  Time: 2025-02-27T20:11:06+08:00
===============================================

[20:11:06.952] Starting node discovery...
[20:11:07.053] Starting Meteorite test on chain atomone-1 with 50 accounts
[20:11:08.387] Starting transaction broadcasts for account atone1ufkmacpp2lqkaja000976hlnhe392wc735g70m (Position 41)
[20:11:08.387] Starting broadcasts for position 41 (batchSize: 100000000)
[20:11:08.387] Starting transaction broadcasts for account atone16upqufe4ke8lnfsutsvzgmukt6n47fzqk392qc (Position 32)
[20:11:08.387] Starting broadcasts for position 32 (batchSize: 100000000)
[20:11:08.387] Starting transaction broadcasts for account atone1tqacfp9ked6l07szd4w0ym4ax706rmyr7g3tz0 (Position 36)
[20:11:08.387] Starting broadcasts for position 36 (batchSize: 100000000)
[20:11:08.525] Starting transaction broadcasts for account atone1a7gxstcxxx8pkgmgehhc2cmjs43pujkna7lsza (Position 47)
[20:11:08.526] Starting broadcasts for position 47 (batchSize: 100000000)
[20:11:08.526] Starting transaction broadcasts for account atone1el26j9qm9gwdje93853nw0wua2ltpck8sjjc8h (Position 42)
[20:11:08.526] Starting transaction broadcasts for account atone1rucy7jqdx9thd958p9n2ar8cf20utlv9gagw64 (Position 48)
[20:11:08.526] Starting broadcasts for position 48 (batchSize: 100000000)
[20:11:08.526] Starting transaction broadcasts for account atone1mzj5jspn04a8uhmgjdfl35phvx9eg0huwdyz3y (Position 7)
[20:11:08.526] Starting broadcasts for position 7 (batchSize: 100000000)
[20:11:08.526] Starting transaction broadcasts for account atone1fqcdx90gf7lsm64ar7yrmduv3w6l8fdfyxy87f (Position 35)
[20:11:08.526] Starting broadcasts for position 35 (batchSize: 100000000)
[20:11:08.526] Starting broadcasts for position 42 (batchSize: 100000000)
[20:11:08.547] Starting transaction broadcasts for account atone13x950vmwt3cy4e9uryqze9rmy5qlck0lx6x75n (Position 39)
[20:11:08.547] Starting broadcasts for position 39 (batchSize: 100000000)
[20:11:08.548] Starting transaction broadcasts for account atone1m4rk3y3ewrpukdzk8zeljy63sxwcqdz2jse3jj (Position 11)
[20:11:08.548] Starting broadcasts for position 11 (batchSize: 100000000)
[20:11:08.548] Starting transaction broadcasts for account atone1l9pcvgdsgz6qzpceeeev4a8dkuhqhan0hm2zlc (Position 5)
[20:11:08.548] Starting broadcasts for position 5 (batchSize: 100000000)
[20:11:08.548] Starting transaction broadcasts for account atone1lzx0e3mk624829000fn4fl9xcldm0j2ld22q49 (Position 8)
[20:11:08.548] Starting broadcasts for position 8 (batchSize: 100000000)
[20:11:08.548] Starting transaction broadcasts for account atone17jygnf7z6hftdl94l4c5z6vz3df4p4yl9x8rsr (Position 19)
[20:11:08.548] Starting broadcasts for position 19 (batchSize: 100000000)
[20:11:08.548] Starting transaction broadcasts for account atone1dlz0mwnmxtrqh2ky8skg96lp9npvjzmq48w4rh (Position 6)
[20:11:08.548] Starting broadcasts for position 6 (batchSize: 100000000)
[20:11:08.548] Starting transaction broadcasts for account atone1yss5n3s93q77lu864ypdpglguykdt5cvup7xxk (Position 38)
[20:11:08.548] Starting broadcasts for position 38 (batchSize: 100000000)
[20:11:08.548] Starting transaction broadcasts for account atone13jn57a79avn9s0ehwsjxzdvq89hzct259gpyk0 (Position 37)
[20:11:08.548] Starting broadcasts for position 37 (batchSize: 100000000)
[20:11:08.548] Starting transaction broadcasts for account atone19xn6e778avce0p3chdd60v842m4ycq74u579wd (Position 14)
[20:11:08.548] Starting broadcasts for position 14 (batchSize: 100000000)
[20:11:08.548] Starting transaction broadcasts for account atone1d7an5eujxunr8fm9yz66eth2x59dx7atf6unxp (Position 10)
[20:11:08.548] Starting broadcasts for position 10 (batchSize: 100000000)
[20:11:08.548] Starting transaction broadcasts for account atone1l8t99u06lg2jumgh5vcnzefs6xm54lf2kzv8ar (Position 28)
[20:11:08.548] Starting broadcasts for position 28 (batchSize: 100000000)
[20:11:08.548] Starting transaction broadcasts for account atone10q49hs6c5axrzj80lvxfw5ke35q4gtyrj4zkjt (Position 45)
[20:11:08.548] Starting broadcasts for position 45 (batchSize: 100000000)
[20:11:08.549] Starting transaction broadcasts for account atone1l8p8ltwvt5rt4r3zxmtz6ctr886j5nm0pxg8ze (Position 17)
[20:11:08.549] Starting broadcasts for position 17 (batchSize: 100000000)
[20:11:08.549] Starting transaction broadcasts for account atone1h8xn6hd2jktq7uqcur90fu97lx6fhs9ra3w403 (Position 31)
[20:11:08.549] Starting broadcasts for position 31 (batchSize: 100000000)
[20:11:08.549] Starting transaction broadcasts for account atone1v4hwqy83x6q77jyv2yr33qruefc5ruv66exs90 (Position 21)
[20:11:08.549] Starting transaction broadcasts for account atone1paefpxvjvmmq03gvsfjzwut0zap7z5nqzgnx9t (Position 1)
[20:11:08.549] Starting transaction broadcasts for account atone1vfrhszmszmaa6negmmnkph05xjhjlcdmx32ky4 (Position 3)
[20:11:08.549] Starting transaction broadcasts for account atone1nexez6f4rcsaj2zatf00elwft5tumkt3qezmhn (Position 30)
[20:11:08.549] Starting transaction broadcasts for account atone1uwfzyv2r4djuwja2q2m0kws6f3hmr68q2gl6tw (Position 29)
[20:11:08.549] Starting transaction broadcasts for account atone1r4f4nwlpwthjv4c2n3s2cqxsu69c27hwlwygat (Position 44)
[20:11:08.549] Starting transaction broadcasts for account atone1d6zksykj867ul9tclgkn4mtk7fpgfasnpl5al9 (Position 4)
[20:11:08.550] Starting transaction broadcasts for account atone1p9d29dvh76hkx4740c8vvh4f8mtkm5qxeq8ggn (Position 25)
[20:11:08.550] Starting transaction broadcasts for account atone1m6j8u4a40d82e568pwvnz388fj3a4vzu6jqrv3 (Position 13)
[20:11:08.550] Starting transaction broadcasts for account atone19py772eremcxe7ty80s9g79rmp493jhys0jtx7 (Position 24)
[20:11:08.550] Starting broadcasts for position 24 (batchSize: 100000000)
[20:11:08.550] Starting transaction broadcasts for account atone1aak3drtr2ed3sq4uz9fydglaaasp7yq5wgpalu (Position 20)
[20:11:08.550] Starting broadcasts for position 20 (batchSize: 100000000)
[20:11:08.550] Starting transaction broadcasts for account atone1em00gyc27wuy0f5q2d79cvlytp9lmwysvy0e3y (Position 26)
[20:11:08.550] Starting broadcasts for position 26 (batchSize: 100000000)
[20:11:08.550] Starting transaction broadcasts for account atone14hme47pvhghgl3jac64un35dppas7m8cqu4y57 (Position 15)
[20:11:08.550] Starting broadcasts for position 15 (batchSize: 100000000)
[20:11:08.550] Starting broadcasts for position 4 (batchSize: 100000000)
[20:11:08.550] Starting transaction broadcasts for account atone1crp2ue3j47fw8730gja6nmfp53mq04m3capgdz (Position 27)
[20:11:08.550] Starting broadcasts for position 27 (batchSize: 100000000)
[20:11:08.551] Starting broadcasts for position 13 (batchSize: 100000000)
[20:11:08.551] Starting broadcasts for position 30 (batchSize: 100000000)
[20:11:08.551] Starting broadcasts for position 1 (batchSize: 100000000)
[20:11:08.551] Starting broadcasts for position 29 (batchSize: 100000000)
[20:11:08.551] Starting broadcasts for position 44 (batchSize: 100000000)
[20:11:08.551] Starting broadcasts for position 21 (batchSize: 100000000)
[20:11:08.551] Starting broadcasts for position 3 (batchSize: 100000000)
[20:11:08.552] Starting transaction broadcasts for account atone1yt4t2kcxd0297sd0qf7fm8e3l82ysxxm2f3shw (Position 9)
[20:11:08.554] Starting broadcasts for position 9 (batchSize: 100000000)
[20:11:08.554] Starting broadcasts for position 25 (batchSize: 100000000)
[20:11:08.554] Starting transaction broadcasts for account atone15dkgfskvah7tjfsl5gukyy6c0ysewcqy5r6x6j (Position 12)
[20:11:08.554] Starting transaction broadcasts for account atone1fwfc7qexwr7p5ua6s6mxl8a5kq3qeqmx2a0ku4 (Position 46)
[20:11:08.554] Starting broadcasts for position 46 (batchSize: 100000000)
[20:11:08.554] Starting broadcasts for position 12 (batchSize: 100000000)
[20:11:08.556] Starting transaction broadcasts for account atone1qtpqvku5f7zpxjafrsadkr57muq2728v488d2q (Position 49)
[20:11:08.556] Starting broadcasts for position 49 (batchSize: 100000000)
[20:11:08.556] Starting transaction broadcasts for account atone1vza8h2x0rt7gaqadezem64khc0uls9atkts7j0 (Position 43)
[20:11:08.557] Starting broadcasts for position 43 (batchSize: 100000000)
[20:11:08.557] Starting transaction broadcasts for account atone1fxwd4xs3pr7d3ededl7krgtjvptexv5fljx33d (Position 2)
[20:11:08.557] Starting broadcasts for position 2 (batchSize: 100000000)
[20:11:08.558] Starting transaction broadcasts for account atone1524el5yxcx099pl26drekltfladkzew5w7gd8v (Position 18)
[20:11:08.558] Starting broadcasts for position 18 (batchSize: 100000000)
[20:11:08.558] Starting transaction broadcasts for account atone1fy5upzpdpyqh874y0uya9l6jv0r0y8ykmzvex8 (Position 16)
[20:11:08.558] Starting broadcasts for position 16 (batchSize: 100000000)
[20:11:08.559] Starting transaction broadcasts for account atone1klludrd7n5kxhtj429wmsc5eu0hx03xhmyr589 (Position 40)
[20:11:08.559] Starting transaction broadcasts for account atone1ply6atsmw0adfkqv55nxx8f8m24suazvj705kl (Position 34)
[20:11:08.559] Starting transaction broadcasts for account atone1fmuu3y9lwhgqu5r09afjpk5qqed9mvayq70ha2 (Position 22)
[20:11:08.559] Starting transaction broadcasts for account atone1pa4hyh7phutu6kt3ejrufnwcgdphxqzrg4059d (Position 23)
[20:11:08.559] Starting transaction broadcasts for account atone1ngmwvjh5gzswlhg3qdv0z394ykqhszcu99yg4j (Position 33)
[20:11:08.559] Starting transaction broadcasts for account atone1uqrar205hjv4s8832kwj8e6xhwvk4x0e9sfvqn (Position 0)
[20:11:08.559] Starting broadcasts for position 22 (batchSize: 100000000)
[20:11:08.561] Starting broadcasts for position 40 (batchSize: 100000000)
[20:11:08.562] Starting broadcasts for position 34 (batchSize: 100000000)
[20:11:08.562] Starting broadcasts for position 0 (batchSize: 100000000)
[20:11:08.562] Starting broadcasts for position 23 (batchSize: 100000000)
[20:11:08.562] Starting broadcasts for position 33 (batchSize: 100000000)
